<?xml version="1.0" encoding="utf-8"?><testsuites name="pytest tests"><testsuite name="pytest" errors="0" failures="0" skipped="2" tests="44" time="11.489" timestamp="2026-08-28T03:18:45.902881+00:00" hostname="agent-env-1c7c5db2-85a1-4d61-8c77-c87245dbf04d"><testcase classname="tests.test_auth.TestAuth" name="test_login_success_sets_cookie_and_token" time="0.510" /><testcase classname="tests.test_auth.TestAuth" name="test_login_case_insensitive_email" time="0.442" /><testcase classname="tests.test_maps.TestKmlLifecycle" name="test_01_upload_kml" time="1.148" /><testcase classname="tests.test_auth.TestAuth" name="test_login_wrong_password_401" time="0.408" /><testcase classname="tests.test_maps.TestKmlLifecycle" name="test_02_new_map_in_list" time="0.214" /><testcase classname="tests.test_auth.TestAuth" name="test_login_unknown_email_401" time="0.178" /><testcase classname="tests.test_maps.TestKmlLifecycle" name="test_03_search_filter" time="0.250" /><testcase classname="tests.test_auth.TestAuth" name="test_login_missing_field_422" time="0.139" /><testcase classname="tests.test_maps.TestKmlLifecycle" name="test_04_get_map_detail" time="0.119" /><testcase classname="tests.test_maps.TestKmlLifecycle" name="test_05_download_original_bytes" time="0.423" /><testcase classname="tests.test_auth.TestAuth" name="test_me_with_bearer_token" time="0.478" /><testcase classname="tests.test_maps.TestKmlLifecycle" name="test_06_kml_export_identity" time="0.493" /><testcase classname="tests.test_auth.TestAuth" name="test_me_with_cookie_session" time="0.748" /><testcase classname="tests.test_maps.TestKmlLifecycle" name="test_07_geojson_featurecollection" time="0.262" /><testcase classname="tests.test_auth.TestAuth" name="test_me_without_auth_401" time="0.105" /><testcase classname="tests.test_maps.TestKmlLifecycle" name="test_08_delete_soft_deletes" time="0.747" /><testcase classname="tests.test_auth.TestAuth" name="test_me_with_invalid_token_401" time="0.116" /><testcase classname="tests.test_auth.TestAuth" name="test_logout_clears_cookie" time="0.409" /><testcase classname="tests.test_auth.TestAuth" name="test_cors_credentials_headers_public_edge" time="0.068" /><testcase classname="tests.test_auth.TestAuth" name="test_brute_force_lockout_after_5_failures" time="2.823"><skipped type="pytest.xfail" message="No brute-force/rate-limit protection on /api/auth/login" /></testcase><testcase classname="tests.test_maps.TestKmlLifecycle" name="test_09_delete_unknown_map_404" time="0.928" /><testcase classname="tests.test_security.TestSecurityPosture" name="test_admin_password_hash_is_bcrypt_2b" time="0.030" /><testcase classname="tests.test_security.TestSecurityPosture" name="test_seed_admin_is_idempotent_single_user" time="0.005" /><testcase classname="tests.test_security.TestSecurityPosture" name="test_env_password_has_no_shell_expansion_chars" time="0.000" /><testcase classname="tests.test_security.TestSecurityPosture" name="test_cors_preflight_at_app_level" time="0.002" /><testcase classname="tests.test_security.TestSecurityPosture" name="test_jwt_secret_configured" time="0.000" /><testcase classname="tests.test_security.TestSecurityPosture" name="test_brute_force_lockout_internal" time="2.452"><skipped type="pytest.xfail" message="No brute-force protection implemented in /api/auth/login" /></testcase><testcase classname="tests.test_maps.TestMapsPublicRead" name="test_list_maps_public_no_auth" time="0.643" /><testcase classname="tests.test_maps.TestMapsPublicRead" name="test_get_unknown_map_404" time="0.338" /><testcase classname="tests.test_maps.TestMapsPublicRead" name="test_download_unknown_map_404" time="0.117" /><testcase classname="tests.test_maps.TestMapsAuthGuards" name="test_create_map_without_auth_401" time="0.473" /><testcase classname="tests.test_maps.TestMapsPublicRead" name="test_kml_unknown_map_404" time="0.103" /><testcase classname="tests.test_maps.TestMapsAuthGuards" name="test_create_map_invalid_token_401" time="0.163" /><testcase classname="tests.test_maps.TestMapsPublicRead" name="test_geojson_unknown_map_404" time="0.127" /><testcase classname="tests.test_maps.TestMapsAuthGuards" name="test_delete_map_without_auth_401" time="0.128" /><testcase classname="tests.test_health.TestHealth" name="test_health_root_probe_internal" time="0.002" /><testcase classname="tests.test_health.TestHealth" name="test_healthz_probe_internal" time="0.001" /><testcase classname="tests.test_health.TestHealth" name="test_api_health_probe_public" time="0.129" /><testcase classname="tests.test_maps.TestMapsAuthGuards" name="test_create_map_rejects_bad_extension" time="0.108" /><testcase classname="tests.test_health.TestHealth" name="test_api_root" time="0.098" /><testcase classname="tests.test_maps.TestMapsAuthGuards" name="test_create_map_rejects_empty_file" time="0.105" /><testcase classname="tests.test_maps.TestKmzAndShapefile" name="test_kmz_upload_kml_and_geojson" time="1.046" /><testcase classname="tests.test_maps.TestKmzAndShapefile" name="test_shapefile_zip_upload_kml_and_geojson" time="0.846" /><testcase classname="tests.test_maps.TestKmzAndShapefile" name="test_corrupt_zip_returns_5xx_or_4xx_not_crash" time="1.113" /></testsuite></testsuites>