<?xml version="1.0" encoding="utf-8"?><testsuites name="pytest tests"><testsuite name="pytest" errors="0" failures="0" skipped="2" tests="57" time="28.711" timestamp="2026-08-28T07:21:01.845274+00:00" hostname="agent-env-1c7c5db2-85a1-4d61-8c77-c87245dbf04d"><testcase classname="tests.test_auth.TestAuth" name="test_login_success_sets_cookie_and_token" time="0.490" /><testcase classname="tests.test_auth.TestAuth" name="test_login_case_insensitive_email" time="0.461" /><testcase classname="tests.test_tags.TestTags" name="test_01_upload_with_tags" time="1.387" /><testcase classname="tests.test_auth.TestAuth" name="test_login_wrong_password_401" time="0.465" /><testcase classname="tests.test_tags.TestTags" name="test_02_list_includes_tags" time="0.171" /><testcase classname="tests.test_auth.TestAuth" name="test_login_unknown_email_401" time="0.098" /><testcase classname="tests.test_auth.TestAuth" name="test_login_missing_field_422" time="0.118" /><testcase classname="tests.test_tags.TestTags" name="test_03_filter_single_tag" time="0.153" /><testcase classname="tests.test_tags.TestTags" name="test_04_filter_nonexistent_tag_empty" time="0.243" /><testcase classname="tests.test_auth.TestAuth" name="test_me_with_bearer_token" time="0.428" /><testcase classname="tests.test_tags.TestTags" name="test_05_filter_multi_tag_or" time="0.549" /><testcase classname="tests.test_auth.TestAuth" name="test_me_with_cookie_session" time="0.502" /><testcase classname="tests.test_tags.TestTags" name="test_06_tags_endpoint_sorted_distinct" time="0.124" /><testcase classname="tests.test_auth.TestAuth" name="test_me_without_auth_401" time="0.136" /><testcase classname="tests.test_tags.TestTags" name="test_07_search_matches_tag_values" time="0.123" /><testcase classname="tests.test_auth.TestAuth" name="test_me_with_invalid_token_401" time="0.114" /><testcase classname="tests.test_tags.TestTags" name="test_08_tag_normalization_dedupe_and_case" time="0.271" /><testcase classname="tests.test_auth.TestAuth" name="test_logout_clears_cookie" time="0.599" /><testcase classname="tests.test_tags.TestTags" name="test_09_tag_limits_length_and_count" time="0.378" /><testcase classname="tests.test_tags.TestTags" name="test_10_empty_tags_returns_empty_list" time="0.246" /><testcase classname="tests.test_auth.TestAuth" name="test_cors_credentials_headers_public_edge" time="0.089" /><testcase classname="tests.test_auth.TestAuth" name="test_brute_force_lockout_after_5_failures" time="17.551"><skipped type="pytest.xfail" message="No brute-force/rate-limit protection on /api/auth/login" /></testcase><testcase classname="tests.test_tags.TestTags" name="test_11_delete_removes_tag_from_tags_endpoint" time="16.385" /><testcase classname="tests.test_tags.TestTags" name="test_12_detail_endpoint_returns_tags" time="0.358" /><testcase classname="tests.test_tags.TestTags" name="test_13_tags_filter_combined_with_q" time="1.359" /><testcase classname="tests.test_maps.TestKmlLifecycle" name="test_01_upload_kml" time="0.677" /><testcase classname="tests.test_security.TestSecurityPosture" name="test_admin_password_hash_is_bcrypt_2b" time="0.008" /><testcase classname="tests.test_maps.TestKmlLifecycle" name="test_02_new_map_in_list" time="0.283" /><testcase classname="tests.test_security.TestSecurityPosture" name="test_seed_admin_is_idempotent_single_user" time="0.005" /><testcase classname="tests.test_security.TestSecurityPosture" name="test_env_password_has_no_shell_expansion_chars" time="0.000" /><testcase classname="tests.test_security.TestSecurityPosture" name="test_cors_preflight_at_app_level" time="0.002" /><testcase classname="tests.test_security.TestSecurityPosture" name="test_jwt_secret_configured" time="0.000" /><testcase classname="tests.test_security.TestSecurityPosture" name="test_brute_force_lockout_internal" time="1.446"><skipped type="pytest.xfail" message="No brute-force protection implemented in /api/auth/login" /></testcase><testcase classname="tests.test_maps.TestKmlLifecycle" name="test_03_search_filter" time="0.430" /><testcase classname="tests.test_maps.TestKmlLifecycle" name="test_04_get_map_detail" time="0.235" /><testcase classname="tests.test_maps.TestKmlLifecycle" name="test_05_download_original_bytes" time="0.537" /><testcase classname="tests.test_maps.TestKmlLifecycle" name="test_06_kml_export_identity" time="0.476" /><testcase classname="tests.test_maps.TestMapsPublicRead" name="test_list_maps_public_no_auth" time="0.467" /><testcase classname="tests.test_maps.TestMapsPublicRead" name="test_get_unknown_map_404" time="0.131" /><testcase classname="tests.test_maps.TestKmlLifecycle" name="test_07_geojson_featurecollection" time="0.305" /><testcase classname="tests.test_maps.TestMapsPublicRead" name="test_download_unknown_map_404" time="0.180" /><testcase classname="tests.test_maps.TestMapsPublicRead" name="test_kml_unknown_map_404" time="0.119" /><testcase classname="tests.test_maps.TestKmlLifecycle" name="test_08_delete_soft_deletes" time="0.900" /><testcase classname="tests.test_maps.TestMapsPublicRead" name="test_geojson_unknown_map_404" time="0.184" /><testcase classname="tests.test_maps.TestMapsAuthGuards" name="test_create_map_without_auth_401" time="0.487" /><testcase classname="tests.test_maps.TestMapsAuthGuards" name="test_create_map_invalid_token_401" time="0.110" /><testcase classname="tests.test_maps.TestMapsAuthGuards" name="test_delete_map_without_auth_401" time="0.120" /><testcase classname="tests.test_maps.TestKmlLifecycle" name="test_09_delete_unknown_map_404" time="0.281" /><testcase classname="tests.test_maps.TestMapsAuthGuards" name="test_create_map_rejects_bad_extension" time="0.130" /><testcase classname="tests.test_maps.TestMapsAuthGuards" name="test_create_map_rejects_empty_file" time="0.129" /><testcase classname="tests.test_health.TestHealth" name="test_health_root_probe_internal" time="0.002" /><testcase classname="tests.test_health.TestHealth" name="test_healthz_probe_internal" time="0.002" /><testcase classname="tests.test_health.TestHealth" name="test_api_health_probe_public" time="0.118" /><testcase classname="tests.test_health.TestHealth" name="test_api_root" time="0.304" /><testcase classname="tests.test_maps.TestKmzAndShapefile" name="test_kmz_upload_kml_and_geojson" time="1.032" /><testcase classname="tests.test_maps.TestKmzAndShapefile" name="test_shapefile_zip_upload_kml_and_geojson" time="0.802" /><testcase classname="tests.test_maps.TestKmzAndShapefile" name="test_corrupt_zip_returns_5xx_or_4xx_not_crash" time="1.027" /></testsuite></testsuites>